<?xml version="1.0" encoding="UTF-8"?>
<!-- Generated by org.testng.reporters.JUnitXMLReporter -->
<testsuite ignored="0" hostname="Aakanksha2410" failures="0" tests="3" name="Default test" time="0.077" errors="0" timestamp="2023-06-06T11:33:07 IST">
  <testcase classname="Test_NG.Example3_EmailableReport" name="TC1" time="0.009"/>
  <testcase classname="Test_NG.Example3_EmailableReport" name="TC2" time="0.002"/>
  <testcase classname="Test_NG.Example3_EmailableReport" name="TC3" time="0.004"/>
</testsuite> <!-- Default test -->
