<?xml version="1.0" encoding="UTF-8"?>
<!-- Generated by org.testng.reporters.JUnitXMLReporter -->
<testsuite ignored="2" hostname="Aakanksha2410" failures="0" tests="2" name="Test(failed)(failed)" time="0.122" errors="0" timestamp="2023-06-15T15:36:46 IST">
  <testcase classname="Test_NG.Fail_TC_File_Generate$Example8_DisableTCExecutionFromTestSuite" name="TC1" time="0.015"/>
  <testcase classname="Test_NG.Fail_TC_File_Generate$Example8_DisableTCExecutionFromTestSuite" name="TC2" time="0.013"/>
  <testcase classname="Test_NG.Fail_TC_File_Generate$Example8_DisableTCExecutionFromTestSuite" name="TC4" time="0.0">
    <ignored/>
  </testcase> <!-- TC4 -->
  <testcase classname="Test_NG.Fail_TC_File_Generate$Example8_DisableTCExecutionFromTestSuite" name="TC3" time="0.0">
    <ignored/>
  </testcase> <!-- TC3 -->
</testsuite> <!-- Test(failed)(failed) -->
