<?xml version="1.0" encoding="UTF-8"?>
<testng-results ignored="0" total="1" passed="1" failed="0" skipped="0">
  <reporter-output>
  </reporter-output>
  <suite started-at="2023-06-21T23:58:56 IST" name="Default suite" finished-at="2023-06-21T23:59:47 IST" duration-ms="50671">
    <groups>
    </groups>
    <test started-at="2023-06-21T23:58:56 IST" name="Default test" finished-at="2023-06-21T23:59:47 IST" duration-ms="50671">
      <class name="Demo4.TestClass">
        <test-method is-config="true" signature="openbrowser()[pri:0, instance:Demo4.TestClass@32ee6fee]" started-at="2023-06-21T23:58:56 IST" name="openbrowser" finished-at="2023-06-21T23:59:17 IST" duration-ms="20940" status="PASS">
          <reporter-output>
          </reporter-output>
        </test-method> <!-- openbrowser -->
        <test-method is-config="true" signature="login()[pri:0, instance:Demo4.TestClass@32ee6fee]" started-at="2023-06-21T23:59:17 IST" name="login" finished-at="2023-06-21T23:59:32 IST" duration-ms="15233" status="PASS">
          <reporter-output>
          </reporter-output>
        </test-method> <!-- login -->
        <test-method signature="verify()[pri:0, instance:Demo4.TestClass@32ee6fee]" started-at="2023-06-21T23:59:32 IST" name="verify" finished-at="2023-06-21T23:59:45 IST" duration-ms="12814" status="PASS">
          <reporter-output>
          </reporter-output>
        </test-method> <!-- verify -->
        <test-method is-config="true" signature="logout(org.testng.ITestResult)[pri:0, instance:Demo4.TestClass@32ee6fee]" started-at="2023-06-21T23:59:45 IST" name="logout" finished-at="2023-06-21T23:59:45 IST" duration-ms="7" status="PASS">
          <params>
            <param index="0">
              <value>
                <![CDATA[[TestResult name=verify status=SUCCESS method=TestClass.verify()[pri:0, instance:Demo4.TestClass@32ee6fee] output={null}]]]>
              </value>
            </param>
          </params>
          <reporter-output>
          </reporter-output>
        </test-method> <!-- logout -->
        <test-method is-config="true" signature="closebrowser()[pri:0, instance:Demo4.TestClass@32ee6fee]" started-at="2023-06-21T23:59:45 IST" name="closebrowser" finished-at="2023-06-21T23:59:47 IST" duration-ms="1571" status="PASS">
          <reporter-output>
          </reporter-output>
        </test-method> <!-- closebrowser -->
      </class> <!-- Demo4.TestClass -->
    </test> <!-- Default test -->
  </suite> <!-- Default suite -->
</testng-results>
