<?xml version="1.0" encoding="UTF-8"?>
<testng-results ignored="0" total="2" passed="2" failed="0" skipped="0">
  <reporter-output>
  </reporter-output>
  <suite started-at="2023-07-20T23:52:29 IST" name="Default suite" finished-at="2023-07-20T23:52:35 IST" duration-ms="5951">
    <groups>
      <group name="cucumber">
        <method signature="AbstractTestNGCucumberTests.runScenario(io.cucumber.testng.PickleWrapper,io.cucumber.testng.FeatureWrapper)[pri:0, instance:RunnerClasses.OrderRunnerClass@2c1b194a]" name="runScenario" class="io.cucumber.testng.AbstractTestNGCucumberTests"/>
      </group> <!-- cucumber -->
    </groups>
    <test started-at="2023-07-20T23:52:29 IST" name="Default test" finished-at="2023-07-20T23:52:35 IST" duration-ms="5951">
      <class name="RunnerClasses.OrderRunnerClass">
        <test-method is-config="true" signature="setUpClass(org.testng.ITestContext)[pri:0, instance:RunnerClasses.OrderRunnerClass@2c1b194a]" started-at="2023-07-20T23:52:29 IST" name="setUpClass" finished-at="2023-07-20T23:52:30 IST" duration-ms="1463" status="PASS">
          <params>
            <param index="0">
              <value>
                <![CDATA[org.testng.TestRunner@10ee04df]]>
              </value>
            </param>
          </params>
          <reporter-output>
          </reporter-output>
        </test-method> <!-- setUpClass -->
        <test-method signature="runScenario(io.cucumber.testng.PickleWrapper,io.cucumber.testng.FeatureWrapper)[pri:0, instance:RunnerClasses.OrderRunnerClass@2c1b194a]" started-at="2023-07-20T23:52:30 IST" name="runScenario" description="Runs Cucumber Scenarios" data-provider="scenarios" finished-at="2023-07-20T23:52:31 IST" duration-ms="427" status="PASS">
          <params>
            <param index="0">
              <value>
                <![CDATA["Priviously placed order information"]]>
              </value>
            </param>
            <param index="1">
              <value>
                <![CDATA["Order information"]]>
              </value>
            </param>
          </params>
          <reporter-output>
          </reporter-output>
        </test-method> <!-- runScenario -->
        <test-method signature="runScenario(io.cucumber.testng.PickleWrapper,io.cucumber.testng.FeatureWrapper)[pri:0, instance:RunnerClasses.OrderRunnerClass@2c1b194a]" started-at="2023-07-20T23:52:31 IST" name="runScenario" description="Runs Cucumber Scenarios" data-provider="scenarios" finished-at="2023-07-20T23:52:31 IST" duration-ms="149" status="PASS">
          <params>
            <param index="0">
              <value>
                <![CDATA["current order information"]]>
              </value>
            </param>
            <param index="1">
              <value>
                <![CDATA["Order information"]]>
              </value>
            </param>
          </params>
          <reporter-output>
          </reporter-output>
        </test-method> <!-- runScenario -->
        <test-method is-config="true" signature="tearDownClass()[pri:0, instance:RunnerClasses.OrderRunnerClass@2c1b194a]" started-at="2023-07-20T23:52:31 IST" name="tearDownClass" finished-at="2023-07-20T23:52:35 IST" duration-ms="3702" status="PASS">
          <reporter-output>
          </reporter-output>
        </test-method> <!-- tearDownClass -->
      </class> <!-- RunnerClasses.OrderRunnerClass -->
    </test> <!-- Default test -->
  </suite> <!-- Default suite -->
</testng-results>
